/Users/chdixon/.rvm/gems/ruby-2.1.2/gems/activerecord-4.1.0/lib/active_record/connection_adapters/postgresql_adapter.rb:891:in `rescue in connect': FATAL:  database "db/production.postgres" does not exist (ActiveRecord::NoDatabaseError)
Run `$ bin/rake db:create db:migrate` to create your database
	from /Users/chdixon/.rvm/gems/ruby-2.1.2/gems/activerecord-4.1.0/lib/active_record/connection_adapters/postgresql_adapter.rb:881:in `connect'
	from /Users/chdixon/.rvm/gems/ruby-2.1.2/gems/activerecord-4.1.0/lib/active_record/connection_adapters/postgresql_adapter.rb:568:in `initialize'
	from /Users/chdixon/.rvm/gems/ruby-2.1.2/gems/activerecord-4.1.0/lib/active_record/connection_adapters/postgresql_adapter.rb:41:in `new'
	from /Users/chdixon/.rvm/gems/ruby-2.1.2/gems/activerecord-4.1.0/lib/active_record/connection_adapters/postgresql_adapter.rb:41:in `postgresql_connection'
	from /Users/chdixon/.rvm/gems/ruby-2.1.2/gems/activerecord-4.1.0/lib/active_record/connection_adapters/abstract/connection_pool.rb:435:in `new_connection'
	from /Users/chdixon/.rvm/gems/ruby-2.1.2/gems/activerecord-4.1.0/lib/active_record/connection_adapters/abstract/connection_pool.rb:445:in `checkout_new_connection'
	from /Users/chdixon/.rvm/gems/ruby-2.1.2/gems/activerecord-4.1.0/lib/active_record/connection_adapters/abstract/connection_pool.rb:416:in `acquire_connection'
	from /Users/chdixon/.rvm/gems/ruby-2.1.2/gems/activerecord-4.1.0/lib/active_record/connection_adapters/abstract/connection_pool.rb:351:in `block in checkout'
	from /Users/chdixon/.rvm/rubies/ruby-2.1.2/lib/ruby/2.1.0/monitor.rb:211:in `mon_synchronize'
	from /Users/chdixon/.rvm/gems/ruby-2.1.2/gems/activerecord-4.1.0/lib/active_record/connection_adapters/abstract/connection_pool.rb:350:in `checkout'
	from /Users/chdixon/.rvm/gems/ruby-2.1.2/gems/activerecord-4.1.0/lib/active_record/connection_adapters/abstract/connection_pool.rb:265:in `block in connection'
	from /Users/chdixon/.rvm/rubies/ruby-2.1.2/lib/ruby/2.1.0/monitor.rb:211:in `mon_synchronize'
	from /Users/chdixon/.rvm/gems/ruby-2.1.2/gems/activerecord-4.1.0/lib/active_record/connection_adapters/abstract/connection_pool.rb:264:in `connection'
	from /Users/chdixon/.rvm/gems/ruby-2.1.2/gems/activerecord-4.1.0/lib/active_record/connection_adapters/abstract/connection_pool.rb:541:in `retrieve_connection'
	from /Users/chdixon/.rvm/gems/ruby-2.1.2/gems/activerecord-4.1.0/lib/active_record/connection_handling.rb:113:in `retrieve_connection'
	from /Users/chdixon/.rvm/gems/ruby-2.1.2/gems/activerecord-4.1.0/lib/active_record/connection_handling.rb:87:in `connection'
	from /Users/chdixon/.rvm/gems/ruby-2.1.2/gems/activerecord-4.1.0/lib/active_record/querying.rb:39:in `find_by_sql'
	from /Users/chdixon/.rvm/gems/ruby-2.1.2/gems/activerecord-4.1.0/lib/active_record/relation.rb:603:in `exec_queries'
	from /Users/chdixon/.rvm/gems/ruby-2.1.2/gems/activerecord-4.1.0/lib/active_record/relation.rb:487:in `load'
	from /Users/chdixon/.rvm/gems/ruby-2.1.2/gems/activerecord-4.1.0/lib/active_record/relation.rb:231:in `to_a'
	from /Users/chdixon/.rvm/gems/ruby-2.1.2/gems/activerecord-4.1.0/lib/active_record/relation/delegation.rb:46:in `each'
	from /Users/chdixon/lunch-party/app/models/queue_manager.rb:8:in `clear_and_generate'
	from /Users/chdixon/.rvm/gems/ruby-2.1.2/gems/railties-4.1.0/lib/rails/commands/runner.rb:62:in `<top (required)>'
	from /Users/chdixon/.rvm/gems/ruby-2.1.2/gems/railties-4.1.0/lib/rails/commands/runner.rb:62:in `eval'
	from /Users/chdixon/.rvm/gems/ruby-2.1.2/gems/railties-4.1.0/lib/rails/commands/runner.rb:62:in `<top (required)>'
	from /Users/chdixon/.rvm/gems/ruby-2.1.2/gems/activesupport-4.1.0/lib/active_support/dependencies.rb:247:in `require'
	from /Users/chdixon/.rvm/gems/ruby-2.1.2/gems/activesupport-4.1.0/lib/active_support/dependencies.rb:247:in `block in require'
	from /Users/chdixon/.rvm/gems/ruby-2.1.2/gems/activesupport-4.1.0/lib/active_support/dependencies.rb:232:in `load_dependency'
	from /Users/chdixon/.rvm/gems/ruby-2.1.2/gems/activesupport-4.1.0/lib/active_support/dependencies.rb:247:in `require'
	from /Users/chdixon/.rvm/gems/ruby-2.1.2/gems/railties-4.1.0/lib/rails/commands/commands_tasks.rb:128:in `require_command!'
	from /Users/chdixon/.rvm/gems/ruby-2.1.2/gems/railties-4.1.0/lib/rails/commands/commands_tasks.rb:95:in `runner'
	from /Users/chdixon/.rvm/gems/ruby-2.1.2/gems/railties-4.1.0/lib/rails/commands/commands_tasks.rb:40:in `run_command!'
	from /Users/chdixon/.rvm/gems/ruby-2.1.2/gems/railties-4.1.0/lib/rails/commands.rb:17:in `<top (required)>'
	from /Users/chdixon/.rvm/gems/ruby-2.1.2/gems/activesupport-4.1.0/lib/active_support/dependencies.rb:247:in `require'
	from /Users/chdixon/.rvm/gems/ruby-2.1.2/gems/activesupport-4.1.0/lib/active_support/dependencies.rb:247:in `block in require'
	from /Users/chdixon/.rvm/gems/ruby-2.1.2/gems/activesupport-4.1.0/lib/active_support/dependencies.rb:232:in `load_dependency'
	from /Users/chdixon/.rvm/gems/ruby-2.1.2/gems/activesupport-4.1.0/lib/active_support/dependencies.rb:247:in `require'
	from /Users/chdixon/lunch-party/bin/rails:8:in `<top (required)>'
	from /Users/chdixon/.rvm/gems/ruby-2.1.2/gems/activesupport-4.1.0/lib/active_support/dependencies.rb:241:in `load'
	from /Users/chdixon/.rvm/gems/ruby-2.1.2/gems/activesupport-4.1.0/lib/active_support/dependencies.rb:241:in `block in load'
	from /Users/chdixon/.rvm/gems/ruby-2.1.2/gems/activesupport-4.1.0/lib/active_support/dependencies.rb:232:in `load_dependency'
	from /Users/chdixon/.rvm/gems/ruby-2.1.2/gems/activesupport-4.1.0/lib/active_support/dependencies.rb:241:in `load'
	from /Users/chdixon/.rvm/rubies/ruby-2.1.2/lib/ruby/2.1.0/rubygems/core_ext/kernel_require.rb:55:in `require'
	from /Users/chdixon/.rvm/rubies/ruby-2.1.2/lib/ruby/2.1.0/rubygems/core_ext/kernel_require.rb:55:in `require'
	from -e:1:in `<main>'
